# JRE version: OpenJDK Runtime Environment GraalVM CE 22.3.0 (17.0.5+8) (build 17.0.5+8-jvmci-22.3-b08)
# Java VM: OpenJDK 64-Bit Server VM GraalVM CE 22.3.0 (17.0.5+8-jvmci-22.3-b08, mixed mode, sharing, tiered, jvmci, jvmci compiler, compressed oops, compressed class ptrs, g1 gc, bsd-amd64)
GC Precious Log:
 CPUs: 4 total, 4 available
 Memory: 8192M
 Large Page Support: Disabled
 NUMA Support: Disabled
 Compressed Oops: Enabled (Zero based)
 Heap Region Size: 1M
 Heap Min Capacity: 8M
 Heap Initial Capacity: 128M
 Heap Max Capacity: 2G
 Pre-touch: Disabled
 Parallel Workers: 4
 Concurrent Workers: 1
 Concurrent Refinement Workers: 4
 Periodic GC: Disabled
Heap:
 garbage-first heap   total 175104K, used 125037K [0x0000000780000000, 0x0000000800000000)
  region size 1024K, 102 young (104448K), 7 survivors (7168K)
 Metaspace       used 11260K, committed 11456K, reserved 1064960K
  class space    used 1256K, committed 1344K, reserved 1048576K
GC Heap History (12 events):
Event: 0.929 GC heap before
{Heap before GC invocations=0 (full 0):
 garbage-first heap   total 133120K, used 14144K [0x0000000780000000, 0x0000000800000000)
  region size 1024K, 13 young (13312K), 0 survivors (0K)
 Metaspace       used 2870K, committed 3008K, reserved 1056768K
  class space    used 283K, committed 384K, reserved 1048576K
}
Event: 0.937 GC heap after
{Heap after GC invocations=1 (full 0):
 garbage-first heap   total 133120K, used 7669K [0x0000000780000000, 0x0000000800000000)
  region size 1024K, 2 young (2048K), 2 survivors (2048K)
 Metaspace       used 2870K, committed 3008K, reserved 1056768K
  class space    used 283K, committed 384K, reserved 1048576K
}
Event: 1.595 GC heap before
{Heap before GC invocations=1 (full 0):
 garbage-first heap   total 133120K, used 20981K [0x0000000780000000, 0x0000000800000000)
  region size 1024K, 15 young (15360K), 2 survivors (2048K)
 Metaspace       used 6191K, committed 6336K, reserved 1056768K
  class space    used 736K, committed 768K, reserved 1048576K
}
Event: 1.602 GC heap after
{Heap after GC invocations=2 (full 0):
 garbage-first heap   total 133120K, used 9390K [0x0000000780000000, 0x0000000800000000)
  region size 1024K, 2 young (2048K), 2 survivors (2048K)
 Metaspace       used 6191K, committed 6336K, reserved 1056768K
  class space    used 736K, committed 768K, reserved 1048576K
}
Event: 2.379 GC heap before
{Heap before GC invocations=2 (full 0):
 garbage-first heap   total 133120K, used 39086K [0x0000000780000000, 0x0000000800000000)
  region size 1024K, 31 young (31744K), 2 survivors (2048K)
 Metaspace       used 7749K, committed 7872K, reserved 1056768K
  class space    used 939K, committed 1024K, reserved 1048576K
}
Event: 2.388 GC heap after
{Heap after GC invocations=3 (full 0):
 garbage-first heap   total 133120K, used 11741K [0x0000000780000000, 0x0000000800000000)
  region size 1024K, 4 young (4096K), 4 survivors (4096K)
 Metaspace       used 7749K, committed 7872K, reserved 1056768K
  class space    used 939K, committed 1024K, reserved 1048576K
}
Event: 2.881 GC heap before
{Heap before GC invocations=3 (full 0):
 garbage-first heap   total 133120K, used 85469K [0x0000000780000000, 0x0000000800000000)
  region size 1024K, 76 young (77824K), 4 survivors (4096K)
 Metaspace       used 7896K, committed 8064K, reserved 1056768K
  class space    used 948K, committed 1024K, reserved 1048576K
}
Event: 2.897 GC heap after
{Heap after GC invocations=4 (full 0):
 garbage-first heap   total 133120K, used 16093K [0x0000000780000000, 0x0000000800000000)
  region size 1024K, 8 young (8192K), 8 survivors (8192K)
 Metaspace       used 7896K, committed 8064K, reserved 1056768K
  class space    used 948K, committed 1024K, reserved 1048576K
}
Event: 3.163 GC heap before
{Heap before GC invocations=4 (full 0):
 garbage-first heap   total 133120K, used 85725K [0x0000000780000000, 0x0000000800000000)
  region size 1024K, 76 young (77824K), 8 survivors (8192K)
 Metaspace       used 7975K, committed 8192K, reserved 1056768K
  class space    used 948K, committed 1024K, reserved 1048576K
}
Event: 3.187 GC heap after
{Heap after GC invocations=5 (full 0):
 garbage-first heap   total 133120K, used 22113K [0x0000000780000000, 0x0000000800000000)
  region size 1024K, 10 young (10240K), 10 survivors (10240K)
 Metaspace       used 7975K, committed 8192K, reserved 1056768K
  class space    used 948K, committed 1024K, reserved 1048576K
}
Event: 3.288 GC heap before
{Heap before GC invocations=5 (full 0):
 garbage-first heap   total 133120K, used 89697K [0x0000000780000000, 0x0000000800000000)
  region size 1024K, 76 young (77824K), 10 survivors (10240K)
 Metaspace       used 7980K, committed 8192K, reserved 1056768K
  class space    used 948K, committed 1024K, reserved 1048576K
}
Event: 3.311 GC heap after
{Heap after GC invocations=6 (full 0):
 garbage-first heap   total 175104K, used 28781K [0x0000000780000000, 0x0000000800000000)
  region size 1024K, 7 young (7168K), 7 survivors (7168K)
 Metaspace       used 7980K, committed 8192K, reserved 1056768K
  class space    used 948K, committed 1024K, reserved 1048576K
}

